<?xml version="1.0" encoding="UTF-8"?>
<testsuite xmlns:xsi="http://www.w3.org/2001/XMLSchema-instance" xsi:noNamespaceSchemaLocation="https://maven.apache.org/surefire/maven-surefire-plugin/xsd/surefire-test-report-3.0.xsd" version="3.0" name="com.example.TestJUnit" time="0.415" tests="3" errors="0" skipped="0" failures="0">
  <properties>
[...]
</properties>
  <testcase name="testIntegridadImagenConvertida" classname="com.example.TestJUnit" time="0.296"/>
  <testcase name="testFormatoNoValido" classname="com.example.TestJUnit" time="0.029"/>
  <testcase name="testArchivoNoExiste" classname="com.example.TestJUnit" time="0.01"/>
</testsuite>